<?xml version="1.0" encoding="UTF-8"?>
<!-- Generated by org.testng.reporters.JUnitXMLReporter -->
<testsuite hostname="SachinRoy-Asus" ignored="0" name="Default test" tests="4" failures="0" timestamp="20 Jul 2018 14:36:43 GMT" time="75.081" errors="0">
  <testcase name="motherSearchTest" time="7.506" classname="com.familytreenow.qa.tests.FamilySearchTest"/>
  <testcase name="motherSearchTest" time="4.586" classname="com.familytreenow.qa.tests.FamilySearchTest"/>
  <testcase name="spouseSearchTest" time="2.179" classname="com.familytreenow.qa.tests.FamilySearchTest"/>
  <testcase name="spouseSearchTest" time="4.858" classname="com.familytreenow.qa.tests.FamilySearchTest"/>
</testsuite> <!-- Default test -->
