<?xml version="1.0" encoding="UTF-8"?>
<!-- Generated by org.testng.reporters.JUnitXMLReporter -->
<testsuite hostname="SachinRoy-Asus" ignored="0" name="Default test" tests="4" failures="0" timestamp="19 Jul 2018 18:44:25 GMT" time="57.725" errors="0">
  <testcase name="motherSearchTest" time="6.374" classname="com.familytreenow.qa.tests.FamilySearchTest"/>
  <testcase name="motherSearchTest" time="2.32" classname="com.familytreenow.qa.tests.FamilySearchTest"/>
  <testcase name="spouseSearchTest" time="3.128" classname="com.familytreenow.qa.tests.FamilySearchTest"/>
  <testcase name="spouseSearchTest" time="3.364" classname="com.familytreenow.qa.tests.FamilySearchTest"/>
</testsuite> <!-- Default test -->
