<?xml version="1.0" encoding="UTF-8"?>
<testng-results skipped="0" failed="0" ignored="0" total="4" passed="4">
  <reporter-output>
  </reporter-output>
  <suite name="Default suite" duration-ms="75081" started-at="2018-07-20T14:35:28Z" finished-at="2018-07-20T14:36:43Z">
    <groups>
    </groups>
    <test name="Default test" duration-ms="75081" started-at="2018-07-20T14:35:28Z" finished-at="2018-07-20T14:36:43Z">
      <class name="com.familytreenow.qa.tests.FamilySearchTest">
        <test-method status="PASS" signature="setUp()[pri:0, instance:com.familytreenow.qa.tests.FamilySearchTest@6500df86]" name="setUp" is-config="true" duration-ms="12962" started-at="2018-07-20T10:35:29Z" finished-at="2018-07-20T10:35:42Z">
          <reporter-output>
          </reporter-output>
        </test-method> <!-- setUp -->
        <test-method status="PASS" signature="motherSearchTest(java.lang.String, java.lang.String, java.lang.String, java.lang.String, java.lang.String)[pri:0, instance:com.familytreenow.qa.tests.FamilySearchTest@6500df86]" name="motherSearchTest" duration-ms="7506" started-at="2018-07-20T10:35:42Z" data-provider="familyTestData" finished-at="2018-07-20T10:35:50Z">
          <params>
            <param index="0">
              <value>
                <![CDATA[Tim]]>
              </value>
            </param>
            <param index="1">
              <value>
                <![CDATA[Smith]]>
              </value>
            </param>
            <param index="2">
              <value>
                <![CDATA[Arminta J. /CLOUSE/]]>
              </value>
            </param>
            <param index="3">
              <value>
                <![CDATA[john]]>
              </value>
            </param>
            <param index="4">
              <value>
                <![CDATA[Sarah /Scruggs/]]>
              </value>
            </param>
          </params>
          <reporter-output>
          </reporter-output>
        </test-method> <!-- motherSearchTest -->
        <test-method status="PASS" signature="tearDown()[pri:0, instance:com.familytreenow.qa.tests.FamilySearchTest@6500df86]" name="tearDown" is-config="true" duration-ms="381" started-at="2018-07-20T10:35:50Z" finished-at="2018-07-20T10:35:50Z">
          <reporter-output>
          </reporter-output>
        </test-method> <!-- tearDown -->
        <test-method status="PASS" signature="setUp()[pri:0, instance:com.familytreenow.qa.tests.FamilySearchTest@6500df86]" name="setUp" is-config="true" duration-ms="8362" started-at="2018-07-20T10:35:50Z" finished-at="2018-07-20T10:35:58Z">
          <reporter-output>
          </reporter-output>
        </test-method> <!-- setUp -->
        <test-method status="PASS" signature="motherSearchTest(java.lang.String, java.lang.String, java.lang.String, java.lang.String, java.lang.String)[pri:0, instance:com.familytreenow.qa.tests.FamilySearchTest@6500df86]" name="motherSearchTest" duration-ms="4586" started-at="2018-07-20T10:35:58Z" data-provider="familyTestData" finished-at="2018-07-20T10:36:03Z">
          <params>
            <param index="0">
              <value>
                <![CDATA[Tom]]>
              </value>
            </param>
            <param index="1">
              <value>
                <![CDATA[Smith]]>
              </value>
            </param>
            <param index="2">
              <value>
                <![CDATA[Media Kerby]]>
              </value>
            </param>
            <param index="3">
              <value>
                <![CDATA[john]]>
              </value>
            </param>
            <param index="4">
              <value>
                <![CDATA[Mary Margaret Vollmer]]>
              </value>
            </param>
          </params>
          <reporter-output>
          </reporter-output>
        </test-method> <!-- motherSearchTest -->
        <test-method status="PASS" signature="tearDown()[pri:0, instance:com.familytreenow.qa.tests.FamilySearchTest@6500df86]" name="tearDown" is-config="true" duration-ms="4856" started-at="2018-07-20T10:36:03Z" finished-at="2018-07-20T10:36:08Z">
          <reporter-output>
          </reporter-output>
        </test-method> <!-- tearDown -->
        <test-method status="PASS" signature="setUp()[pri:0, instance:com.familytreenow.qa.tests.FamilySearchTest@6500df86]" name="setUp" is-config="true" duration-ms="9131" started-at="2018-07-20T10:36:08Z" finished-at="2018-07-20T10:36:17Z">
          <reporter-output>
          </reporter-output>
        </test-method> <!-- setUp -->
        <test-method status="PASS" signature="spouseSearchTest(java.lang.String, java.lang.String, java.lang.String, java.lang.String, java.lang.String)[pri:0, instance:com.familytreenow.qa.tests.FamilySearchTest@6500df86]" name="spouseSearchTest" duration-ms="2179" started-at="2018-07-20T10:36:17Z" data-provider="familyTestData" finished-at="2018-07-20T10:36:19Z">
          <params>
            <param index="0">
              <value>
                <![CDATA[Tim]]>
              </value>
            </param>
            <param index="1">
              <value>
                <![CDATA[Smith]]>
              </value>
            </param>
            <param index="2">
              <value>
                <![CDATA[Arminta J. /CLOUSE/]]>
              </value>
            </param>
            <param index="3">
              <value>
                <![CDATA[john]]>
              </value>
            </param>
            <param index="4">
              <value>
                <![CDATA[Sarah /Scruggs/]]>
              </value>
            </param>
          </params>
          <reporter-output>
          </reporter-output>
        </test-method> <!-- spouseSearchTest -->
        <test-method status="PASS" signature="tearDown()[pri:0, instance:com.familytreenow.qa.tests.FamilySearchTest@6500df86]" name="tearDown" is-config="true" duration-ms="2210" started-at="2018-07-20T10:36:19Z" finished-at="2018-07-20T10:36:21Z">
          <reporter-output>
          </reporter-output>
        </test-method> <!-- tearDown -->
        <test-method status="PASS" signature="setUp()[pri:0, instance:com.familytreenow.qa.tests.FamilySearchTest@6500df86]" name="setUp" is-config="true" duration-ms="14478" started-at="2018-07-20T10:36:21Z" finished-at="2018-07-20T10:36:36Z">
          <reporter-output>
          </reporter-output>
        </test-method> <!-- setUp -->
        <test-method status="PASS" signature="spouseSearchTest(java.lang.String, java.lang.String, java.lang.String, java.lang.String, java.lang.String)[pri:0, instance:com.familytreenow.qa.tests.FamilySearchTest@6500df86]" name="spouseSearchTest" duration-ms="4858" started-at="2018-07-20T10:36:36Z" data-provider="familyTestData" finished-at="2018-07-20T10:36:41Z">
          <params>
            <param index="0">
              <value>
                <![CDATA[Tom]]>
              </value>
            </param>
            <param index="1">
              <value>
                <![CDATA[Smith]]>
              </value>
            </param>
            <param index="2">
              <value>
                <![CDATA[Media Kerby]]>
              </value>
            </param>
            <param index="3">
              <value>
                <![CDATA[john]]>
              </value>
            </param>
            <param index="4">
              <value>
                <![CDATA[Mary Margaret Vollmer]]>
              </value>
            </param>
          </params>
          <reporter-output>
          </reporter-output>
        </test-method> <!-- spouseSearchTest -->
        <test-method status="PASS" signature="tearDown()[pri:0, instance:com.familytreenow.qa.tests.FamilySearchTest@6500df86]" name="tearDown" is-config="true" duration-ms="2316" started-at="2018-07-20T10:36:41Z" finished-at="2018-07-20T10:36:43Z">
          <reporter-output>
          </reporter-output>
        </test-method> <!-- tearDown -->
      </class> <!-- com.familytreenow.qa.tests.FamilySearchTest -->
    </test> <!-- Default test -->
  </suite> <!-- Default suite -->
</testng-results>
